[0mGET / [32m200[0m 142.191 ms - 5286[0m
[0mGET /favicon.ico [33m404[0m 13.734 ms - 150[0m
[0mGET /users/profile/627a6cc0012de18606a22e0b [36m302[0m 6.574 ms - 72[0m
[0mGET /users/sign-in [32m200[0m 6.137 ms - 3471[0m
[0mPOST /users/create-session [36m302[0m 14.786 ms - 46[0m
[0mGET / [32m200[0m 42.267 ms - 6693[0m
[0mGET /users/profile/627a76561032d6af5c729fff [32m200[0m 50.045 ms - 5862[0m
[0mPOST /users/update/627a76561032d6af5c729fff [36m302[0m 24.579 ms - 164[0m
[0mGET /users/profile/627a76561032d6af5c729fff [32m200[0m 9.432 ms - 5915[0m
[0mGET /users/profile/627a76561032d6af5c729fff [36m304[0m 14.517 ms - -[0m
[0mGET /users/profile/627a76561032d6af5c729fff [36m304[0m 15.850 ms - -[0m
[0mGET /users/profile/627a76561032d6af5c729fff [36m304[0m 16.811 ms - -[0m
[0mGET /users/profile/627a6cc0012de18606a22e0b [32m200[0m 23.437 ms - 5558[0m
[0mGET /users/profile/627a76561032d6af5c729fff [36m304[0m 17.068 ms - -[0m
[0mGET /users/sign-out [36m302[0m 10.049 ms - 46[0m
[0mGET / [32m200[0m 12.816 ms - 5644[0m
[0mGET /users/sign-in [36m304[0m 8.282 ms - -[0m
[0mPOST /users/create-session [36m302[0m 8.893 ms - 46[0m
[0mGET / [32m200[0m 18.548 ms - 6689[0m
[0mGET /users/profile/627a76561032d6af5c729fff [32m200[0m 14.758 ms - 5561[0m
[0mGET /users/profile/627a6cc0012de18606a22e0b [32m200[0m 14.932 ms - 5856[0m
[0mGET /users/profile/627a76561032d6af5c729fff [32m200[0m 17.178 ms - 5596[0m
[0mGET /users/profile/627a76561032d6af5c729fff [36m304[0m 16.742 ms - -[0m
[0mGET /users/profile/627a76561032d6af5c729fff [36m304[0m 17.409 ms - -[0m
[0mGET /users/profile/627a76561032d6af5c729fff [36m304[0m 17.950 ms - -[0m
[0mGET /users/profile/627a76561032d6af5c729fff [32m200[0m 12.145 ms - 5649[0m
[0mGET /users/sign-out [36m302[0m 6.301 ms - 46[0m
[0mGET / [32m200[0m 10.012 ms - 5644[0m
[0mGET /users/sign-in [36m304[0m 10.883 ms - -[0m
[0mPOST /users/create-session [36m302[0m 6.067 ms - 46[0m
[0mGET / [32m200[0m 20.245 ms - 6693[0m
[0mGET /users/profile/627a76561032d6af5c729fff [32m200[0m 12.742 ms - 5911[0m
